<?xml version="1.0" encoding="utf-8"?><testsuites name="pytest tests"><testsuite name="pytest" errors="0" failures="0" skipped="0" tests="9" time="2.720" timestamp="2026-06-30T00:18:45.871205+00:00" hostname="agent-env-0c550373-a381-44a0-aae3-33cf6b288797"><testcase classname="backend.tests.test_api.TestHealth" name="test_root" time="0.339" /><testcase classname="backend.tests.test_api.TestHealth" name="test_health" time="0.226" /><testcase classname="backend.tests.test_api.TestContact" name="test_contact_valid_payload_returns_200" time="0.428" /><testcase classname="backend.tests.test_api.TestContact" name="test_contact_missing_first_name" time="0.130" /><testcase classname="backend.tests.test_api.TestContact" name="test_contact_missing_last_name" time="0.140" /><testcase classname="backend.tests.test_api.TestContact" name="test_contact_missing_email" time="0.108" /><testcase classname="backend.tests.test_api.TestContact" name="test_contact_missing_budget" time="0.164" /><testcase classname="backend.tests.test_api.TestContact" name="test_contact_missing_project_type" time="0.115" /><testcase classname="backend.tests.test_api.TestContact" name="test_contact_invalid_email" time="0.138" /></testsuite></testsuites>