<?xml version="1.0" encoding="utf-8"?><testsuites name="pytest tests"><testsuite name="pytest" errors="0" failures="0" skipped="0" tests="9" time="1.203" timestamp="2026-05-29T02:28:41.811340+00:00" hostname="agent-env-0c550373-a381-44a0-aae3-33cf6b288797"><testcase classname="backend.tests.test_api.TestHealth" name="test_root" time="0.215" /><testcase classname="backend.tests.test_api.TestHealth" name="test_health" time="0.108" /><testcase classname="backend.tests.test_api.TestContact" name="test_contact_no_resend_key_returns_503" time="0.151" /><testcase classname="backend.tests.test_api.TestContact" name="test_contact_missing_first_name" time="0.099" /><testcase classname="backend.tests.test_api.TestContact" name="test_contact_missing_last_name" time="0.109" /><testcase classname="backend.tests.test_api.TestContact" name="test_contact_missing_email" time="0.121" /><testcase classname="backend.tests.test_api.TestContact" name="test_contact_missing_budget" time="0.119" /><testcase classname="backend.tests.test_api.TestContact" name="test_contact_missing_project_type" time="0.106" /><testcase classname="backend.tests.test_api.TestContact" name="test_contact_invalid_email" time="0.104" /></testsuite></testsuites>